*** Starting uWSGI 2.0.17 (64bit) on [Sat Apr  7 09:03:09 2018] ***
compiled with version: 5.4.0 20160609 on 05 April 2018 12:16:38
os: Linux-4.4.0-31-generic #50-Ubuntu SMP Wed Jul 13 00:07:12 UTC 2016
nodename: ubuntu
machine: x86_64
clock source: unix
pcre jit disabled
detected number of CPU cores: 4
current working directory: /home/python/Desktop/pytest/django1/dailyfresh
writing pidfile to uwsgi.pid
detected binary path: /home/python/.virtualenvs/django_py3/bin/uwsgi
chdir() to /home/python/Desktop/pytest/django1/dailyfresh
your processes number limit is 7783
your memory page size is 4096 bytes
detected max file descriptor number: 1048576
lock engine: pthread robust mutexes
thunder lock: disabled (you can enable it with --thunder-lock)
uwsgi socket 0 bound to TCP address 127.0.0.1:8001 fd 3
Python version: 3.5.2 (default, Nov 23 2017, 16:37:01)  [GCC 5.4.0 20160609]
Python main interpreter initialized at 0x26e2490
python threads support enabled
your server socket listen backlog is limited to 100 connections
your mercy for graceful operations on workers is 60 seconds
mapped 416880 bytes (407 KB) for 8 cores
*** Operational MODE: preforking+threaded ***
WSGI app 0 (mountpoint='') ready in 8 seconds on interpreter 0x26e2490 pid: 3937 (default app)
*** uWSGI is running in multiple interpreter mode ***
spawned uWSGI master process (pid: 3937)
spawned uWSGI worker 1 (pid: 3945, cores: 2)
spawned uWSGI worker 2 (pid: 3946, cores: 2)
spawned uWSGI worker 3 (pid: 3948, cores: 2)
spawned uWSGI worker 4 (pid: 3949, cores: 2)
*** Starting uWSGI 2.0.17 (64bit) on [Sat Apr  7 09:03:35 2018] ***
compiled with version: 5.4.0 20160609 on 05 April 2018 12:16:38
os: Linux-4.4.0-31-generic #50-Ubuntu SMP Wed Jul 13 00:07:12 UTC 2016
nodename: ubuntu
machine: x86_64
clock source: unix
pcre jit disabled
detected number of CPU cores: 4
current working directory: /home/python/Desktop/pytest/django1/dailyfresh
writing pidfile to uwsgi.pid
detected binary path: /home/python/.virtualenvs/django_py3/bin/uwsgi
chdir() to /home/python/Desktop/pytest/django1/dailyfresh
your processes number limit is 7783
your memory page size is 4096 bytes
detected max file descriptor number: 1048576
lock engine: pthread robust mutexes
thunder lock: disabled (you can enable it with --thunder-lock)
probably another instance of uWSGI is running on the same address (127.0.0.1:8001).
bind(): Address already in use [core/socket.c line 769]
*** Starting uWSGI 2.0.17 (64bit) on [Sat Apr  7 09:04:57 2018] ***
compiled with version: 5.4.0 20160609 on 05 April 2018 12:16:38
os: Linux-4.4.0-31-generic #50-Ubuntu SMP Wed Jul 13 00:07:12 UTC 2016
nodename: ubuntu
machine: x86_64
clock source: unix
pcre jit disabled
detected number of CPU cores: 4
current working directory: /home/python/Desktop/pytest/django1/dailyfresh
writing pidfile to uwsgi.pid
detected binary path: /home/python/.virtualenvs/django_py3/bin/uwsgi
chdir() to /home/python/Desktop/pytest/django1/dailyfresh
your processes number limit is 7783
your memory page size is 4096 bytes
detected max file descriptor number: 1024
lock engine: pthread robust mutexes
thunder lock: disabled (you can enable it with --thunder-lock)
probably another instance of uWSGI is running on the same address (127.0.0.1:8001).
bind(): Address already in use [core/socket.c line 769]
*** Starting uWSGI 2.0.17 (64bit) on [Sat Apr  7 09:11:36 2018] ***
compiled with version: 5.4.0 20160609 on 05 April 2018 12:16:38
os: Linux-4.4.0-31-generic #50-Ubuntu SMP Wed Jul 13 00:07:12 UTC 2016
nodename: ubuntu
machine: x86_64
clock source: unix
pcre jit disabled
detected number of CPU cores: 4
current working directory: /home/python/Desktop/pytest/django1/dailyfresh
writing pidfile to uwsgi.pid
detected binary path: /home/python/.virtualenvs/django_py3/bin/uwsgi
chdir() to /home/python/Desktop/pytest/django1/dailyfresh
your processes number limit is 7783
your memory page size is 4096 bytes
detected max file descriptor number: 1024
lock engine: pthread robust mutexes
thunder lock: disabled (you can enable it with --thunder-lock)
probably another instance of uWSGI is running on the same address (127.0.0.1:8001).
bind(): Address already in use [core/socket.c line 769]
*** Starting uWSGI 2.0.17 (64bit) on [Sat Apr  7 09:11:44 2018] ***
compiled with version: 5.4.0 20160609 on 05 April 2018 12:16:38
os: Linux-4.4.0-31-generic #50-Ubuntu SMP Wed Jul 13 00:07:12 UTC 2016
nodename: ubuntu
machine: x86_64
clock source: unix
pcre jit disabled
detected number of CPU cores: 4
current working directory: /home/python/Desktop/pytest/django1/dailyfresh
writing pidfile to uwsgi.pid
detected binary path: /home/python/.virtualenvs/django_py3/bin/uwsgi
chdir() to /home/python/Desktop/pytest/django1/dailyfresh
your processes number limit is 7783
your memory page size is 4096 bytes
detected max file descriptor number: 1024
lock engine: pthread robust mutexes
thunder lock: disabled (you can enable it with --thunder-lock)
probably another instance of uWSGI is running on the same address (127.0.0.1:8001).
bind(): Address already in use [core/socket.c line 769]
invalid request block size: 21573 (max 4096)...skip
invalid request block size: 21573 (max 4096)...skip
invalid request block size: 21573 (max 4096)...skip
invalid request block size: 21573 (max 4096)...skip
invalid request block size: 21573 (max 4096)...skip
invalid request block size: 21573 (max 4096)...skip
invalid request block size: 21573 (max 4096)...skip
*** Starting uWSGI 2.0.17 (64bit) on [Sat Apr  7 09:20:26 2018] ***
compiled with version: 5.4.0 20160609 on 05 April 2018 12:16:38
os: Linux-4.4.0-31-generic #50-Ubuntu SMP Wed Jul 13 00:07:12 UTC 2016
nodename: ubuntu
machine: x86_64
clock source: unix
pcre jit disabled
detected number of CPU cores: 4
current working directory: /home/python/Desktop/pytest/django1/dailyfresh
writing pidfile to uwsgi.pid
detected binary path: /home/python/.virtualenvs/django_py3/bin/uwsgi
chdir() to /home/python/Desktop/pytest/django1/dailyfresh
your processes number limit is 7783
your memory page size is 4096 bytes
detected max file descriptor number: 1024
lock engine: pthread robust mutexes
thunder lock: disabled (you can enable it with --thunder-lock)
uWSGI http bound on 127.0.0.1:8080 fd 4
uwsgi socket 0 bound to TCP address 127.0.0.1:46103 (port auto-assigned) fd 3
Python version: 3.5.2 (default, Nov 23 2017, 16:37:01)  [GCC 5.4.0 20160609]
Set PythonHome to /home/python/.virtualenvs/django_py3
Python main interpreter initialized at 0x26ad540
python threads support enabled
your server socket listen backlog is limited to 100 connections
your mercy for graceful operations on workers is 60 seconds
mapped 416880 bytes (407 KB) for 8 cores
*** Operational MODE: preforking+threaded ***
WSGI app 0 (mountpoint='') ready in 9 seconds on interpreter 0x26ad540 pid: 4511 (default app)
*** uWSGI is running in multiple interpreter mode ***
spawned uWSGI master process (pid: 4511)
spawned uWSGI worker 1 (pid: 4513, cores: 2)
spawned uWSGI worker 2 (pid: 4514, cores: 2)
spawned uWSGI worker 3 (pid: 4516, cores: 2)
spawned uWSGI worker 4 (pid: 4517, cores: 2)
spawned uWSGI http 1 (pid: 4520)
SIGINT/SIGQUIT received...killing workers...
gateway "uWSGI http 1" has been buried (pid: 4520)
worker 1 buried after 1 seconds
worker 2 buried after 1 seconds
worker 3 buried after 1 seconds
worker 4 buried after 1 seconds
goodbye to uWSGI.
*** Starting uWSGI 2.0.17 (64bit) on [Sat Apr  7 09:21:55 2018] ***
compiled with version: 5.4.0 20160609 on 05 April 2018 12:16:38
os: Linux-4.4.0-31-generic #50-Ubuntu SMP Wed Jul 13 00:07:12 UTC 2016
nodename: ubuntu
machine: x86_64
clock source: unix
pcre jit disabled
detected number of CPU cores: 4
current working directory: /home/python/Desktop/pytest/django1/dailyfresh
writing pidfile to uwsgi.pid
detected binary path: /home/python/.virtualenvs/django_py3/bin/uwsgi
chdir() to /home/python/Desktop/pytest/django1/dailyfresh
your processes number limit is 7783
your memory page size is 4096 bytes
detected max file descriptor number: 1024
lock engine: pthread robust mutexes
thunder lock: disabled (you can enable it with --thunder-lock)
uWSGI http bound on 127.0.0.1:8080 fd 4
uwsgi socket 0 bound to TCP address 127.0.0.1:33999 (port auto-assigned) fd 3
Python version: 3.5.2 (default, Nov 23 2017, 16:37:01)  [GCC 5.4.0 20160609]
Set PythonHome to /home/python/.virtualenvs/django_py3
Python main interpreter initialized at 0x1315540
python threads support enabled
your server socket listen backlog is limited to 100 connections
your mercy for graceful operations on workers is 60 seconds
mapped 416880 bytes (407 KB) for 8 cores
*** Operational MODE: preforking+threaded ***
WSGI app 0 (mountpoint='') ready in 2 seconds on interpreter 0x1315540 pid: 4535 (default app)
*** uWSGI is running in multiple interpreter mode ***
spawned uWSGI master process (pid: 4535)
spawned uWSGI worker 1 (pid: 4538, cores: 2)
spawned uWSGI worker 2 (pid: 4539, cores: 2)
spawned uWSGI worker 3 (pid: 4540, cores: 2)
spawned uWSGI worker 4 (pid: 4542, cores: 2)
spawned uWSGI http 1 (pid: 4543)
[pid: 4540|app: 0|req: 1/1] 127.0.0.1 () {38 vars in 734 bytes} [Sat Apr  7 09:22:33 2018] GET /index => generated 101041 bytes in 2190 msecs (HTTP/1.1 500) 2 headers in 92 bytes (1 switches on core 0)
[pid: 4540|app: 0|req: 2/2] 127.0.0.1 () {38 vars in 683 bytes} [Sat Apr  7 09:22:36 2018] GET /favicon.ico => generated 100944 bytes in 60 msecs (HTTP/1.1 500) 2 headers in 92 bytes (1 switches on core 1)
[pid: 4542|app: 0|req: 1/3] 127.0.0.1 () {40 vars in 765 bytes} [Sat Apr  7 09:24:32 2018] GET /index => generated 101310 bytes in 293 msecs (HTTP/1.1 500) 2 headers in 92 bytes (1 switches on core 0)
[pid: 4542|app: 0|req: 2/4] 127.0.0.1 () {42 vars in 736 bytes} [Sat Apr  7 09:24:33 2018] GET /favicon.ico => generated 101455 bytes in 189 msecs (HTTP/1.1 500) 2 headers in 92 bytes (1 switches on core 1)
[pid: 4542|app: 0|req: 3/5] 127.0.0.1 () {40 vars in 765 bytes} [Sat Apr  7 09:25:11 2018] GET /index => generated 101310 bytes in 76 msecs (HTTP/1.1 500) 2 headers in 92 bytes (1 switches on core 0)
[pid: 4539|app: 0|req: 1/6] 127.0.0.1 () {42 vars in 736 bytes} [Sat Apr  7 09:25:11 2018] GET /favicon.ico => generated 101455 bytes in 273 msecs (HTTP/1.1 500) 2 headers in 92 bytes (1 switches on core 0)
[pid: 4542|app: 0|req: 4/7] 127.0.0.1 () {40 vars in 765 bytes} [Sat Apr  7 09:26:35 2018] GET /index => generated 111775 bytes in 119 msecs (HTTP/1.1 500) 2 headers in 92 bytes (1 switches on core 1)
[pid: 4539|app: 0|req: 2/8] 127.0.0.1 () {42 vars in 736 bytes} [Sat Apr  7 09:26:35 2018] GET /favicon.ico => generated 111920 bytes in 78 msecs (HTTP/1.1 500) 2 headers in 92 bytes (1 switches on core 1)
++++++++
[pid: 4542|app: 0|req: 5/9] 127.0.0.1 () {40 vars in 765 bytes} [Sat Apr  7 09:33:11 2018] GET /index => generated 15508 bytes in 7653 msecs (HTTP/1.1 200) 3 headers in 102 bytes (1 switches on core 0)
[pid: 4542|app: 0|req: 6/10] 127.0.0.1 () {40 vars in 747 bytes} [Sat Apr  7 09:33:20 2018] GET /static/css/reset.css => generated 3181 bytes in 18 msecs (HTTP/1.1 404) 2 headers in 80 bytes (1 switches on core 1)
[pid: 4539|app: 0|req: 4/11] 127.0.0.1 () {40 vars in 744 bytes} [Sat Apr  7 09:33:20 2018] GET /static/js/jquery-ui.min.js => generated 3199 bytes in 1102 msecs (HTTP/1.1 404) 2 headers in 80 bytes (1 switches on core 0)
[pid: 4539|app: 0|req: 4/12] 127.0.0.1 () {40 vars in 728 bytes} [Sat Apr  7 09:33:20 2018] GET /static/js/slide.js => generated 3175 bytes in 1111 msecs (HTTP/1.1 404) 2 headers in 80 bytes (1 switches on core 1)
[pid: 4540|app: 0|req: 4/13] 127.0.0.1 () {40 vars in 745 bytes} [Sat Apr  7 09:33:20 2018] GET /static/css/main.css => generated 3178 bytes in 1174 msecs (HTTP/1.1 404) 2 headers in 80 bytes (1 switches on core 0)
[pid: 4540|app: 0|req: 4/14] 127.0.0.1 () {40 vars in 752 bytes} [Sat Apr  7 09:33:20 2018] GET /static/js/jquery-1.12.4.min.js => generated 3211 bytes in 1120 msecs (HTTP/1.1 404) 2 headers in 80 bytes (1 switches on core 1)
[pid: 4538|app: 0|req: 2/15] 127.0.0.1 () {40 vars in 761 bytes} [Sat Apr  7 09:33:20 2018] GET /static/images/logo.png => generated 3187 bytes in 4697 msecs (HTTP/1.1 404) 2 headers in 80 bytes (1 switches on core 0)
[pid: 4538|app: 0|req: 2/16] 127.0.0.1 () {40 vars in 736 bytes} [Sat Apr  7 09:33:20 2018] GET /static/js/slideshow.js => generated 3187 bytes in 4688 msecs (HTTP/1.1 404) 2 headers in 80 bytes (1 switches on core 1)
[pid: 4542|app: 0|req: 7/17] 127.0.0.1 () {42 vars in 736 bytes} [Sat Apr  7 09:33:25 2018] GET /favicon.ico => generated 3154 bytes in 5 msecs (HTTP/1.1 404) 2 headers in 80 bytes (1 switches on core 0)
